<?xml version="1.0" encoding="UTF-8"?>
<!-- Generated by org.testng.reporters.JUnitReportReporter -->
<testsuite hostname="subbu-PC" name="programs.programs.testng_programs.Western3" tests="2" failures="0" timestamp="26 Jan 2016 01:32:59 GMT" time="49.884" errors="0">
  <testcase name="testNewtestcase" time="21.372" classname="programs.programs.testng_programs.Western3"/>
  <testcase name="Western_test" time="28.512" classname="programs.programs.testng_programs.Western3"/>
</testsuite> <!-- programs.programs.testng_programs.Western3 -->
