<?xml version="1.0" encoding="UTF-8"?>
<!-- Generated by org.testng.reporters.JUnitReportReporter -->
<testsuite hostname="subbu-PC" name="programs.programs.testng_programs.Deposit3" tests="1" failures="0" timestamp="26 Jan 2016 02:43:37 GMT" time="13.948" errors="0">
  <testcase name="testUntitled" time="13.948" classname="programs.programs.testng_programs.Deposit3"/>
</testsuite> <!-- programs.programs.testng_programs.Deposit3 -->
