<?xml version="1.0" encoding="UTF-8"?>
<!-- Generated by org.testng.reporters.JUnitReportReporter -->
<testsuite hostname="subbu-PC" name="programs.programs.testng_programs.Selenium3" tests="1" failures="0" timestamp="26 Jan 2016 02:57:53 GMT" time="21.355" errors="0">
  <testcase name="Selenium_Test" time="21.355" classname="programs.programs.testng_programs.Selenium3"/>
</testsuite> <!-- programs.programs.testng_programs.Selenium3 -->
