<?xml version="1.0" encoding="UTF-8"?>
<!-- Generated by org.testng.reporters.JUnitReportReporter -->
<testsuite hostname="subbu-PC" name="programs.testng_programs.Yahoo3" tests="1" failures="0" timestamp="26 Jan 2016 03:17:44 GMT" time="14.778" errors="0">
  <testcase name="yahoo_test" time="14.778" classname="programs.testng_programs.Yahoo3"/>
</testsuite> <!-- programs.testng_programs.Yahoo3 -->
