<?xml version="1.0" encoding="UTF-8"?>
<!-- Generated by org.testng.reporters.JUnitReportReporter -->
<testsuite hostname="subbu-PC" name="programs.programs.testng_programs.Bestbuy3" tests="1" failures="0" timestamp="26 Jan 2016 02:30:01 GMT" time="15.059" errors="0">
  <testcase name="Americaneagle_test" time="15.059" classname="programs.programs.testng_programs.Bestbuy3"/>
</testsuite> <!-- programs.programs.testng_programs.Bestbuy3 -->
