<?xml version="1.0" encoding="UTF-8"?>
<!-- Generated by org.testng.reporters.JUnitReportReporter -->
<testsuite hostname="subbu-PC" name="programs.programs.testng_programs.Americaneagle3" tests="1" failures="0" timestamp="22 Jan 2016 21:31:02 GMT" time="19.295" errors="0">
  <testcase name="Americaneagle_test" time="19.295" classname="programs.programs.testng_programs.Americaneagle3"/>
</testsuite> <!-- programs.programs.testng_programs.Americaneagle3 -->
